Determining if the pthread_create exist failed with the following output:
Change Dir: /workspace/softgym/PyFlex/bindings/build/CMakeFiles/CMakeTmp

Run Build Command:"/usr/bin/make" "cmTC_9d029/fast"
/usr/bin/make -f CMakeFiles/cmTC_9d029.dir/build.make CMakeFiles/cmTC_9d029.dir/build
make[1]: Entering directory '/workspace/softgym/PyFlex/bindings/build/CMakeFiles/CMakeTmp'
Building C object CMakeFiles/cmTC_9d029.dir/CheckSymbolExists.c.o
/usr/bin/cc   -fPIC    -o CMakeFiles/cmTC_9d029.dir/CheckSymbolExists.c.o   -c /workspace/softgym/PyFlex/bindings/build/CMakeFiles/CMakeTmp/CheckSymbolExists.c
Linking C executable cmTC_9d029
/usr/bin/cmake -E cmake_link_script CMakeFiles/cmTC_9d029.dir/link.txt --verbose=1
/usr/bin/cc -fPIC     CMakeFiles/cmTC_9d029.dir/CheckSymbolExists.c.o  -o cmTC_9d029 
CMakeFiles/cmTC_9d029.dir/CheckSymbolExists.c.o: In function `main':
CheckSymbolExists.c:(.text+0x1b): undefined reference to `pthread_create'
collect2: error: ld returned 1 exit status
CMakeFiles/cmTC_9d029.dir/build.make:97: recipe for target 'cmTC_9d029' failed
make[1]: *** [cmTC_9d029] Error 1
make[1]: Leaving directory '/workspace/softgym/PyFlex/bindings/build/CMakeFiles/CMakeTmp'
Makefile:126: recipe for target 'cmTC_9d029/fast' failed
make: *** [cmTC_9d029/fast] Error 2

File /workspace/softgym/PyFlex/bindings/build/CMakeFiles/CMakeTmp/CheckSymbolExists.c:
/* */
#include <pthread.h>

int main(int argc, char** argv)
{
  (void)argv;
#ifndef pthread_create
  return ((int*)(&pthread_create))[argc];
#else
  (void)argc;
  return 0;
#endif
}

Determining if the function pthread_create exists in the pthreads failed with the following output:
Change Dir: /workspace/softgym/PyFlex/bindings/build/CMakeFiles/CMakeTmp

Run Build Command:"/usr/bin/make" "cmTC_bd44e/fast"
/usr/bin/make -f CMakeFiles/cmTC_bd44e.dir/build.make CMakeFiles/cmTC_bd44e.dir/build
make[1]: Entering directory '/workspace/softgym/PyFlex/bindings/build/CMakeFiles/CMakeTmp'
Building C object CMakeFiles/cmTC_bd44e.dir/CheckFunctionExists.c.o
/usr/bin/cc   -fPIC -DCHECK_FUNCTION_EXISTS=pthread_create   -o CMakeFiles/cmTC_bd44e.dir/CheckFunctionExists.c.o   -c /usr/share/cmake-3.10/Modules/CheckFunctionExists.c
Linking C executable cmTC_bd44e
/usr/bin/cmake -E cmake_link_script CMakeFiles/cmTC_bd44e.dir/link.txt --verbose=1
/usr/bin/cc -fPIC -DCHECK_FUNCTION_EXISTS=pthread_create    CMakeFiles/cmTC_bd44e.dir/CheckFunctionExists.c.o  -o cmTC_bd44e -lpthreads 
/usr/bin/ld: cannot find -lpthreads
collect2: error: ld returned 1 exit status
CMakeFiles/cmTC_bd44e.dir/build.make:97: recipe for target 'cmTC_bd44e' failed
make[1]: *** [cmTC_bd44e] Error 1
make[1]: Leaving directory '/workspace/softgym/PyFlex/bindings/build/CMakeFiles/CMakeTmp'
Makefile:126: recipe for target 'cmTC_bd44e/fast' failed
make: *** [cmTC_bd44e/fast] Error 2


